HOR_W_5_1
HOR_W_5_2
HOR_W_5_3
HOR_W_5_4
HOR_W_5_5
HOR_W_11_1
HOR_W_11_2
HOR_W_11_3
HOR_W_11_4
HOR_W_11_5
HOR_W_11_6
HOR_W_11_7
HOR_W_11_8
HOR_W_11_9
HOR_W_11_10
HOR_W_11_11
HOR_W_12_1
HOR_W_12_2
HOR_W_12_3
HOR_W_12_4
HOR_W_12_5
HOR_W_12_6
HOR_W_12_7
HOR_W_12_8
HOR_W_12_9
HOR_W_12_10
HOR_W_12_11
HOR_W_12_12
HOR_W_16_1
HOR_W_16_2
HOR_W_16_3
HOR_W_16_4
HOR_W_16_5
HOR_W_16_6
HOR_W_16_7
HOR_W_16_8
HOR_W_16_9
HOR_W_16_10
HOR_W_16_11
HOR_W_16_12
HOR_W_16_13
HOR_W_16_14
HOR_W_16_15
HOR_W_16_16
2BD1
2AD2
1AJ1
1BJ2
4AM1
5BR1
5AR2
3BW1
3BW2
3BW3
3AW4
3AW5
0Ax0
0Bx0
